{
  "RSpec": {
    "coverage": {
      "/home/ivan/OneMaths/project_maths/spec/simultaneous_equation_spec.rb": [
        1,
        null,
        1,
        3,
        null,
        1,
        null,
        1,
        1,
        10,
        10,
        10,
        null,
        10,
        10,
        null,
        null,
        null,
        null,
        null,
        1,
        null,
        1,
        1,
        1,
        1,
        1,
        null,
        null,
        null,
        null,
        null,
        1,
        null,
        1,
        null,
        1,
        1,
        null,
        null,
        1,
        1,
        null,
        null,
        1,
        1,
        null,
        1,
        1,
        null,
        null,
        1,
        1,
        null,
        1,
        1,
        null,
        null,
        null,
        null,
        1,
        null,
        1,
        1,
        null,
        null,
        1,
        1,
        null,
        1,
        1,
        null,
        null,
        null,
        null,
        null
      ],
      "/home/ivan/OneMaths/project_maths/models/simultaneous_equation.rb": [
        1,
        1,
        1,
        null,
        1,
        null,
        1,
        1,
        null,
        null,
        1,
        6,
        null,
        null,
        null,
        null,
        null,
        null,
        null,
        6,
        6,
        6,
        6,
        6,
        6,
        6,
        6,
        6,
        null,
        null,
        1,
        4,
        4,
        4,
        null,
        null,
        1,
        8,
        null,
        8,
        null,
        8,
        8,
        null,
        8,
        null,
        8,
        8,
        null,
        8,
        8,
        null,
        8,
        null,
        8,
        8,
        null,
        4,
        null,
        null,
        4,
        null,
        null,
        1,
        1,
        1,
        1,
        null,
        1,
        null,
        null,
        null,
        null,
        1,
        null,
        null,
        1,
        2,
        null,
        null,
        1,
        1,
        null,
        1,
        2,
        2,
        2,
        2,
        null,
        1,
        null,
        null,
        1,
        4,
        0,
        0,
        null,
        null,
        3,
        null,
        null,
        1,
        null,
        null,
        4,
        null,
        4,
        1,
        null,
        3,
        null,
        null,
        null,
        1,
        4,
        36,
        null,
        null,
        null,
        1,
        4,
        4,
        4,
        2,
        null,
        null,
        1,
        8,
        8,
        null,
        null,
        1,
        6,
        3,
        9,
        null,
        3,
        18,
        null,
        null,
        null,
        null,
        1,
        37,
        null,
        37,
        67,
        4,
        2,
        2,
        2,
        2,
        2,
        2,
        null,
        null,
        2,
        2,
        2,
        2,
        2,
        2,
        null,
        null,
        4,
        null,
        2,
        null,
        2,
        null,
        2,
        null,
        0,
        0,
        null,
        2,
        null,
        2,
        null,
        2,
        null,
        2,
        0,
        null,
        3,
        3,
        null,
        3,
        null,
        null,
        null,
        null,
        null,
        null,
        null,
        null,
        null,
        3,
        3,
        null,
        56,
        56,
        null,
        null,
        null,
        null,
        null,
        1,
        36,
        36,
        null,
        36,
        null,
        36,
        36,
        null,
        108,
        108,
        null,
        36,
        36,
        null,
        null,
        36,
        0,
        36,
        18,
        null,
        18,
        18,
        null,
        null,
        null,
        1,
        null,
        36,
        null,
        36,
        null,
        null,
        1,
        null,
        36,
        null,
        36,
        null,
        null,
        1,
        8,
        8,
        8,
        16,
        16,
        null,
        null,
        null,
        1,
        3,
        null,
        null,
        3,
        3,
        6,
        6,
        null,
        null,
        3,
        null,
        3,
        null,
        3,
        null,
        3,
        null,
        3,
        null,
        3,
        null,
        null,
        1,
        1,
        null,
        null,
        1,
        1,
        2,
        1,
        null,
        null,
        1,
        null,
        1,
        null,
        1,
        null,
        1,
        null,
        1,
        null,
        1,
        null,
        null,
        null,
        1,
        4,
        4,
        null,
        4,
        4,
        null,
        4,
        null,
        null,
        1,
        null,
        4,
        null,
        4,
        null,
        4,
        null,
        4,
        null,
        4,
        null,
        4,
        null,
        4,
        null,
        null,
        1,
        5,
        5,
        5,
        null,
        5,
        null,
        null,
        1,
        0,
        null,
        0,
        null,
        0,
        0,
        null,
        0,
        0,
        null,
        0,
        null,
        0,
        null,
        0,
        null,
        0,
        null,
        0,
        null,
        null,
        1,
        4,
        0,
        null,
        4,
        null,
        null,
        null,
        null
      ],
      "/home/ivan/OneMaths/project_maths/models/evaluate.rb": [
        1,
        null,
        null,
        null,
        null,
        null,
        null,
        null,
        null,
        1,
        12,
        null,
        12,
        12,
        null,
        null,
        12,
        null,
        null,
        1,
        null,
        1,
        12,
        12,
        12,
        12,
        8,
        0,
        0,
        null,
        null
      ],
      "/home/ivan/OneMaths/project_maths/models/equation.rb": [
        1,
        null,
        1,
        1,
        null,
        1,
        65,
        65,
        65,
        null,
        null,
        1,
        0,
        null,
        null,
        null,
        1,
        45,
        45,
        45,
        45,
        null,
        null,
        1,
        63,
        63,
        null,
        0,
        null,
        null,
        null,
        1,
        0,
        0,
        0,
        0,
        0,
        0,
        0,
        0,
        0,
        0,
        0,
        null,
        0,
        null,
        0,
        null,
        0,
        0,
        0,
        null,
        0,
        null,
        0,
        null,
        0,
        null,
        null,
        0,
        null,
        null,
        null,
        null,
        1,
        0,
        0,
        0,
        null,
        null,
        1,
        0,
        0,
        0,
        null,
        null,
        1,
        0,
        0,
        0,
        null,
        null,
        1,
        0,
        0,
        0,
        null,
        null,
        1,
        null,
        null,
        0,
        0,
        null,
        0,
        null,
        null,
        1,
        8,
        8,
        8,
        8,
        8,
        null,
        null,
        1,
        10,
        10,
        null,
        null,
        null
      ],
      "/home/ivan/OneMaths/project_maths/models/expression.rb": [
        1,
        1,
        1,
        1,
        1,
        null,
        1,
        null,
        1,
        1,
        null,
        1,
        1376,
        null,
        null,
        1,
        52,
        52,
        null,
        null,
        1,
        2150,
        null,
        null,
        1,
        314,
        null,
        null,
        1,
        58,
        null,
        null,
        1,
        0,
        null,
        null,
        1,
        0,
        null,
        null,
        1,
        0,
        null,
        null,
        1,
        278,
        null,
        null,
        1,
        898,
        282,
        null,
        null,
        1,
        282,
        270,
        null,
        278,
        null,
        null,
        1,
        58,
        52,
        null,
        null,
        58,
        null,
        null,
        1,
        58,
        110,
        null,
        58,
        null,
        null,
        1,
        0,
        0,
        null,
        null,
        0,
        null,
        null,
        1,
        24,
        36,
        null,
        12,
        null,
        null,
        1,
        0,
        0,
        null,
        null,
        null,
        null,
        null,
        null,
        null,
        null,
        null,
        null,
        null,
        null,
        null,
        null,
        null,
        null,
        null,
        null,
        null,
        null,
        null,
        null,
        null,
        null,
        null,
        null,
        null,
        null,
        null,
        null,
        null,
        null,
        null,
        null,
        null,
        null,
        null,
        null,
        null,
        null,
        null,
        1,
        72,
        72,
        72,
        180,
        180,
        180,
        null,
        72,
        72,
        72,
        null,
        null,
        1,
        0,
        0,
        0,
        0,
        null,
        0,
        null,
        null,
        null,
        1,
        0,
        null,
        null,
        1,
        0,
        0,
        0,
        0,
        null,
        0,
        null,
        null,
        null,
        1,
        6,
        14,
        null,
        null,
        1,
        72,
        72,
        72,
        72,
        72,
        null,
        72,
        null,
        null,
        1,
        683,
        681,
        null,
        null,
        1,
        907,
        905,
        1794,
        null,
        905,
        null,
        null,
        1,
        907,
        84,
        84,
        84,
        null,
        905,
        null,
        null,
        1,
        869,
        1758,
        1758,
        null,
        869,
        null,
        null,
        1,
        1758,
        null,
        null,
        null,
        1,
        167,
        167,
        167,
        167,
        167,
        143,
        143,
        143,
        143,
        143,
        143,
        null,
        167,
        null,
        null,
        null,
        null,
        null,
        null,
        null,
        null,
        null,
        null,
        null,
        null,
        null,
        null,
        null,
        null,
        null,
        null,
        null,
        1,
        0,
        0,
        null,
        0,
        0,
        0,
        null,
        null,
        null,
        1,
        0,
        0,
        null,
        0,
        null,
        null,
        1,
        125,
        41,
        null,
        null,
        1,
        4,
        null,
        null,
        1,
        135,
        135,
        135,
        135,
        135,
        null,
        null,
        1,
        8,
        8,
        null,
        null,
        1,
        135,
        null,
        null,
        1,
        135,
        null,
        null,
        1,
        135,
        null,
        null,
        1,
        135,
        null,
        null,
        1,
        0,
        0,
        0,
        0,
        0,
        null,
        null,
        0,
        0,
        0,
        null,
        null,
        1,
        0,
        0,
        0,
        0,
        0,
        null,
        0,
        0,
        0,
        null,
        0,
        0,
        null,
        null,
        1,
        0,
        0,
        0,
        0,
        0,
        null,
        null,
        null,
        0,
        0,
        0,
        0,
        null,
        null,
        1,
        0,
        0,
        0,
        0,
        0,
        0,
        null,
        0,
        0,
        null,
        null,
        1,
        0,
        0,
        0,
        0,
        0,
        null,
        null,
        1,
        0,
        0,
        0,
        null,
        0,
        null,
        null,
        null,
        1,
        0,
        0,
        0,
        0,
        null,
        null,
        1,
        0,
        0,
        0,
        0,
        null,
        null,
        1,
        0,
        0,
        null,
        null,
        1,
        0,
        0,
        0,
        0,
        null,
        null,
        null,
        1,
        0,
        0,
        0,
        null,
        null,
        1,
        0,
        0,
        0,
        0,
        null,
        null,
        1,
        0,
        null,
        null,
        1,
        0,
        null,
        null,
        1,
        0,
        null,
        null,
        1,
        0,
        0,
        0,
        0,
        null,
        null,
        null,
        1,
        0,
        0,
        0,
        null,
        null,
        1,
        0,
        null,
        null,
        1,
        0,
        0,
        0,
        0,
        null,
        null,
        null,
        1,
        0,
        0,
        0,
        0,
        0,
        null,
        0,
        null,
        null,
        1,
        0,
        0,
        0,
        0,
        null,
        null,
        1,
        0,
        0,
        0,
        0,
        0,
        null,
        null,
        null,
        1,
        0,
        null,
        null,
        1,
        0,
        null,
        null,
        1,
        0,
        0,
        0,
        0,
        null,
        null,
        0,
        null,
        null,
        1,
        446,
        446,
        892,
        892,
        20,
        null,
        null,
        872,
        null,
        null,
        446,
        446,
        null,
        null,
        1,
        70,
        70,
        70,
        70,
        null,
        null,
        1,
        222,
        170,
        70,
        70,
        null,
        null,
        1,
        70,
        52,
        52,
        52,
        0,
        null,
        null,
        52,
        null,
        null,
        1,
        null,
        52,
        null,
        null,
        1,
        70,
        70,
        52,
        null,
        70,
        null,
        null,
        1,
        42,
        36,
        72,
        64,
        64,
        null,
        0,
        null,
        null,
        36,
        null,
        null,
        1,
        56,
        56,
        0,
        0,
        null,
        56,
        56,
        0,
        0,
        null,
        56,
        56,
        52,
        48,
        null,
        12,
        null,
        null,
        null,
        null,
        null,
        null,
        null,
        null,
        1,
        58,
        58,
        58,
        98,
        98,
        98,
        98,
        null,
        58,
        58,
        56,
        56,
        null,
        58,
        null,
        null,
        1,
        58,
        null,
        96,
        null,
        14,
        110,
        null,
        null,
        null,
        1,
        98,
        56,
        null,
        98,
        98,
        null,
        null,
        1,
        98,
        98,
        110,
        110,
        110,
        null,
        0,
        0,
        null,
        null,
        98,
        90,
        90,
        90,
        90,
        null,
        0,
        0,
        0,
        null,
        90,
        90,
        null,
        null,
        null,
        1,
        58,
        0,
        0,
        0,
        0,
        null,
        0,
        null,
        null,
        0,
        null,
        null,
        1,
        42,
        42,
        42,
        42,
        42,
        42,
        40,
        40,
        null,
        null,
        1,
        58,
        90,
        2,
        2,
        null,
        null,
        58,
        null,
        null,
        1,
        12,
        12,
        12,
        0,
        null,
        12,
        12,
        null,
        12,
        12,
        null,
        12,
        null,
        null,
        1,
        12,
        0,
        null,
        12,
        null,
        12,
        null,
        null,
        1,
        12,
        12,
        null,
        null,
        1,
        12,
        28,
        28,
        null,
        12,
        null,
        null,
        null,
        null,
        null,
        null,
        null,
        null,
        null,
        null,
        null,
        null,
        null,
        null,
        null,
        null,
        null,
        null,
        null,
        1,
        null,
        0,
        0,
        0,
        0,
        null,
        0,
        null,
        0,
        0,
        null,
        0,
        null,
        null,
        1,
        0,
        0,
        0,
        0,
        0,
        0,
        0,
        0,
        null,
        0,
        null,
        0,
        null,
        0,
        null,
        0,
        null,
        null,
        1,
        0,
        0,
        null,
        null,
        0,
        null,
        0,
        0,
        0,
        null,
        0,
        0,
        0,
        0,
        null,
        0,
        0,
        0,
        null,
        null,
        null,
        null,
        null,
        null,
        null,
        0,
        0,
        0,
        0,
        null,
        null,
        0,
        0,
        null,
        null,
        1,
        0,
        0,
        0,
        0,
        0,
        null,
        0,
        null,
        0,
        null,
        null,
        null,
        0,
        0,
        null,
        0,
        0,
        null,
        0,
        0,
        null,
        0,
        0,
        0,
        null,
        null,
        null,
        1,
        0,
        0,
        0,
        null,
        null,
        null,
        null,
        0,
        0,
        0,
        0,
        null,
        null,
        null,
        1,
        0,
        0,
        0,
        0,
        null,
        0,
        null,
        null,
        1,
        72,
        154,
        null,
        null,
        null,
        null,
        null,
        null,
        null,
        null,
        null,
        null,
        null,
        null,
        null,
        null,
        null,
        null,
        null,
        null,
        null,
        null,
        null,
        null,
        null,
        null,
        null,
        null,
        null,
        null,
        null,
        null,
        null,
        null,
        null,
        null,
        null,
        null,
        null,
        null,
        null,
        null,
        null,
        null,
        null,
        null,
        null,
        null,
        null,
        1,
        99,
        24,
        24,
        50,
        null,
        75,
        null,
        null,
        null,
        1,
        180,
        null,
        null,
        1,
        9,
        6,
        6,
        14,
        null,
        3,
        null,
        null,
        null,
        null,
        null,
        null,
        null,
        null,
        null,
        null,
        null,
        null,
        null,
        null,
        null,
        null,
        null,
        null,
        null,
        null,
        null,
        null,
        null,
        null,
        null,
        null,
        null,
        null,
        null,
        null,
        null,
        null,
        null,
        null,
        null,
        null,
        null,
        null,
        null,
        null,
        null,
        null,
        null,
        null,
        null,
        null,
        null,
        null,
        null,
        null,
        null,
        null,
        null,
        null,
        null,
        null,
        null,
        null,
        null,
        null,
        null,
        null,
        null,
        null,
        null,
        null,
        null
      ],
      "/home/ivan/OneMaths/project_maths/models/step.rb": [
        1,
        1,
        1,
        null,
        1,
        1,
        null,
        1,
        null,
        1,
        1971,
        1971,
        1971,
        null,
        null,
        1,
        152,
        152,
        null,
        null,
        1,
        1597,
        1597,
        1597,
        1597,
        null,
        null,
        1,
        0,
        null,
        null,
        1,
        694,
        null,
        null,
        1,
        0,
        null,
        null,
        1,
        0,
        null,
        null,
        1,
        0,
        null,
        null,
        1,
        0,
        null,
        null,
        1,
        0,
        null,
        null,
        1,
        0,
        null,
        null,
        1,
        0,
        null,
        null,
        1,
        12,
        8,
        0,
        0,
        0,
        0,
        null,
        null,
        1,
        82,
        82,
        82,
        82,
        82,
        82,
        82,
        82,
        null,
        null,
        1,
        82,
        null,
        3,
        null,
        null,
        1,
        82,
        null,
        null,
        1,
        64,
        64,
        64,
        null,
        null,
        1,
        82,
        null,
        null,
        1,
        0,
        0,
        0,
        null,
        null,
        1,
        82,
        null,
        null,
        1,
        18,
        18,
        18,
        null,
        null,
        1,
        82,
        null,
        null,
        1,
        0,
        0,
        null,
        null,
        1,
        72,
        72,
        0,
        null,
        72,
        72,
        null,
        72,
        null,
        null,
        1,
        8749,
        null,
        null,
        1,
        0,
        0,
        0,
        0,
        0,
        0,
        0,
        null,
        null,
        1,
        0,
        0,
        null,
        null
      ],
      "/home/ivan/OneMaths/project_maths/models/fraction.rb": [
        1,
        null,
        1,
        1,
        null,
        1,
        0,
        0,
        0,
        null,
        null,
        1,
        0,
        0,
        0,
        null,
        null,
        1,
        0,
        0,
        null,
        null,
        1,
        0,
        0,
        0,
        null,
        null,
        1,
        0,
        null,
        null,
        1,
        0,
        0,
        0,
        null,
        null,
        1,
        0,
        0,
        null,
        null,
        1,
        0,
        0,
        0,
        null,
        null,
        1,
        0,
        0,
        0,
        0,
        0,
        null,
        null,
        1,
        0,
        0,
        null,
        null,
        1,
        0,
        0,
        0,
        0,
        0,
        null,
        null,
        1,
        0,
        0,
        0,
        0,
        null,
        null,
        1,
        0,
        0,
        0,
        0,
        0,
        0,
        0,
        null,
        0,
        null,
        null,
        null,
        1,
        0,
        null,
        null,
        1,
        0,
        0,
        0,
        0,
        0,
        0,
        null,
        null,
        null,
        1,
        0,
        0,
        0,
        null,
        null,
        1,
        null,
        1,
        0,
        0,
        0,
        null,
        null,
        1,
        0,
        0,
        0,
        null,
        null,
        1,
        0,
        0,
        0,
        null,
        null,
        1,
        0,
        0,
        0,
        0,
        0,
        null,
        null,
        1,
        0,
        0,
        0,
        0,
        0,
        0,
        null,
        null,
        1,
        0,
        0,
        0,
        0,
        0,
        null,
        null,
        1,
        0,
        0,
        0,
        0,
        0,
        null,
        null,
        null,
        null,
        null,
        null,
        null,
        null,
        null,
        null,
        null,
        null,
        null,
        null,
        null,
        null,
        null,
        null,
        null,
        null,
        null,
        null,
        null,
        null,
        null,
        null,
        null,
        null,
        null,
        null,
        null,
        null,
        null,
        null,
        null,
        null,
        null,
        null,
        null,
        null,
        null,
        null,
        null,
        null,
        null,
        null,
        null,
        null,
        null,
        null,
        null,
        null,
        null,
        null,
        null,
        null,
        null,
        null,
        null,
        null,
        null
      ],
      "/home/ivan/OneMaths/project_maths/models/factory.rb": [
        1,
        1,
        null,
        1,
        null,
        1,
        1,
        563,
        563,
        735,
        705,
        null,
        30,
        30,
        null,
        null,
        563,
        null,
        null,
        null,
        1,
        1,
        null,
        340,
        340,
        340,
        null,
        null,
        null,
        1,
        1,
        96,
        32,
        32,
        null,
        null,
        null,
        1,
        1,
        16,
        16,
        32,
        32,
        null,
        16,
        null,
        null,
        null,
        1,
        1,
        0,
        0,
        0,
        null,
        null,
        null,
        1,
        1,
        0,
        0,
        null,
        null,
        null
      ],
      "/home/ivan/OneMaths/project_maths/models/class_name.rb": [
        1,
        1,
        148,
        null,
        null,
        1,
        492,
        null,
        null,
        1,
        9885,
        null,
        null,
        1,
        1075,
        null,
        null,
        1,
        0,
        null,
        null,
        1,
        16,
        null,
        null,
        1,
        0,
        null,
        null,
        1,
        340,
        null,
        null,
        1,
        563,
        null,
        null,
        1,
        32,
        null,
        null,
        1,
        16,
        null,
        null,
        1,
        0,
        null,
        null,
        1,
        0,
        null,
        null
      ],
      "/home/ivan/OneMaths/project_maths/models/array_extension.rb": [
        1,
        1,
        168,
        118,
        118,
        118,
        208,
        112,
        112,
        null,
        96,
        24,
        null,
        null,
        null,
        null,
        null,
        null,
        null,
        null,
        null,
        null,
        null,
        null,
        null,
        null,
        null,
        null,
        null,
        null,
        null,
        null,
        null
      ],
      "/home/ivan/OneMaths/project_maths/models/linear_equation.rb": [
        1,
        1,
        null,
        1,
        null,
        1,
        1,
        0,
        0,
        0,
        0,
        0,
        0,
        0,
        0,
        0,
        0,
        null,
        null,
        1,
        0,
        null,
        null,
        1,
        0,
        0,
        0,
        null,
        null,
        1,
        0,
        0,
        0,
        0,
        0,
        0,
        0,
        0,
        0,
        null,
        0,
        null,
        0,
        0,
        0,
        0,
        null,
        null,
        1,
        8,
        8,
        8,
        8,
        12,
        12,
        12,
        12,
        12,
        12,
        null,
        8,
        null,
        null,
        1,
        0,
        0,
        null,
        0,
        0,
        null,
        0,
        0,
        0,
        null,
        null,
        0,
        null,
        null,
        null,
        1,
        0,
        0,
        0,
        0,
        null,
        0,
        null,
        null,
        null,
        0,
        0,
        null,
        null,
        1,
        0,
        null,
        null,
        1,
        0,
        0,
        null,
        0,
        0,
        0,
        0,
        null,
        null,
        1,
        8,
        8,
        32,
        24,
        null,
        8,
        null,
        null,
        32,
        null,
        32,
        8,
        null,
        24,
        null,
        null,
        null,
        8,
        null,
        null,
        1,
        null,
        null,
        null,
        1,
        12,
        12,
        12,
        12,
        null,
        0,
        0,
        null,
        12,
        12,
        12,
        0,
        null,
        12,
        null,
        null,
        1,
        12,
        0,
        null,
        12,
        12,
        null,
        null,
        null,
        1,
        null,
        1,
        0,
        0,
        0,
        0,
        null,
        null,
        1,
        0,
        0,
        0,
        0,
        0,
        null,
        0,
        0,
        0,
        null,
        0,
        null,
        null,
        1,
        0,
        0,
        0,
        0,
        0,
        0,
        0,
        0,
        0,
        null,
        0,
        0,
        0,
        null,
        null,
        null,
        null,
        null,
        null,
        null,
        null,
        null,
        null,
        null,
        null,
        null,
        null,
        null,
        null,
        null,
        null,
        null,
        null,
        null,
        null,
        null,
        null,
        null,
        null,
        null,
        null,
        null,
        null,
        null,
        null,
        null,
        null,
        null,
        null,
        null,
        null,
        null,
        null,
        null
      ]
    },
    "timestamp": 1482499955
  }
}
