{
  "RSpec": {
    "coverage": {
      "/Users/joezhou/Documents/GoogleDrive/Projects/project_maths/spec/expression_spec.rb": [
        1,
        null,
        null,
        1,
        1,
        2,
        null,
        1,
        1,
        null,
        null,
        null,
        1,
        1,
        1,
        1,
        1,
        null,
        null,
        1,
        1,
        1,
        1,
        null,
        null,
        1,
        1,
        1,
        1,
        null,
        null,
        null,
        1,
        1,
        1,
        1,
        1,
        1,
        1,
        1,
        null,
        null,
        null,
        1,
        null,
        1,
        1,
        null,
        null,
        1,
        1,
        null,
        null,
        null,
        1,
        1,
        1,
        1,
        1,
        1,
        1,
        null,
        null,
        null,
        1,
        null,
        1,
        1,
        null,
        null,
        1,
        1,
        null,
        null,
        1,
        1,
        1,
        1,
        null,
        null,
        null,
        null,
        1,
        1,
        1,
        1,
        null,
        null,
        1,
        1,
        1,
        null,
        null,
        1,
        1,
        1,
        null,
        null,
        1,
        1,
        1,
        null,
        null,
        1,
        1,
        1,
        null,
        null,
        1,
        1,
        1,
        null,
        null,
        1,
        1,
        null,
        1,
        null,
        null,
        null,
        1,
        1,
        1,
        1,
        null,
        null,
        1,
        1,
        1,
        1,
        null,
        null,
        1,
        1,
        1,
        1,
        null,
        null,
        1,
        1,
        1,
        1,
        1,
        1,
        1,
        null,
        null,
        1,
        1,
        1,
        1,
        1,
        1,
        1,
        null,
        null,
        1,
        1,
        1,
        1,
        1,
        1,
        1,
        null,
        null,
        1,
        1,
        1,
        1,
        1,
        1,
        1,
        null,
        null,
        1,
        1,
        1,
        1,
        1,
        1,
        1,
        null,
        null,
        1,
        1,
        1,
        1,
        1,
        1,
        1,
        null,
        null,
        null,
        1,
        1,
        1,
        1,
        1,
        1,
        null,
        null,
        1,
        1,
        1,
        1,
        1,
        1,
        null,
        null,
        1,
        1,
        1,
        1,
        1,
        1,
        1,
        1,
        1,
        1,
        null,
        null,
        1,
        1,
        1,
        1,
        1,
        1,
        null,
        null,
        1,
        1,
        1,
        1,
        1,
        1,
        1,
        null,
        null,
        1,
        1,
        1,
        1,
        1,
        1,
        1,
        1,
        1,
        1,
        1,
        null,
        null,
        1,
        1,
        null,
        1,
        null,
        null,
        1,
        1,
        1,
        null,
        null,
        1,
        1,
        1,
        null,
        null,
        1,
        1,
        null,
        1,
        null,
        null,
        1,
        1,
        1,
        1,
        1,
        1,
        null,
        null,
        null,
        1,
        1,
        1,
        1,
        null,
        null,
        1,
        1,
        1,
        1,
        1,
        null,
        null,
        1,
        1,
        null,
        1,
        1,
        null,
        1,
        1,
        1,
        null,
        null,
        1,
        1,
        null,
        1,
        1,
        null,
        1,
        1,
        1,
        1,
        null,
        null,
        1,
        1,
        1,
        1,
        1,
        1,
        1,
        1,
        1,
        1,
        1,
        1,
        1,
        1,
        1,
        null,
        null,
        1,
        1,
        1,
        1,
        1,
        1,
        1,
        1,
        1,
        null,
        null,
        1,
        1,
        1,
        1,
        1,
        1,
        1,
        1,
        1,
        null,
        null,
        1,
        1,
        1,
        1,
        1,
        1,
        1,
        1,
        1,
        null,
        null,
        null,
        1,
        1,
        1,
        1,
        1,
        null,
        null,
        1,
        1,
        null,
        null,
        1,
        null,
        1,
        null,
        null,
        1,
        1,
        null,
        null,
        1,
        null,
        null,
        1,
        null,
        null,
        1,
        1,
        1,
        1,
        null,
        null,
        1,
        1,
        null,
        null,
        1,
        null,
        1,
        null,
        null,
        1,
        1,
        null,
        null,
        1,
        null,
        null,
        1,
        null,
        null,
        null,
        1,
        1,
        1,
        1,
        null,
        1,
        null,
        null,
        1,
        1,
        1,
        null,
        1,
        null,
        1,
        null,
        1,
        null,
        null,
        1,
        1,
        1,
        1,
        1,
        1,
        1,
        1,
        1,
        1,
        null,
        null,
        1,
        1,
        1,
        null,
        1,
        null,
        null,
        1,
        1,
        1,
        null,
        1,
        null,
        1,
        null,
        1,
        null,
        null,
        1,
        1,
        1,
        1,
        1,
        1,
        1,
        1,
        1,
        1,
        null,
        null,
        null,
        1,
        1,
        1,
        1,
        1,
        null,
        null,
        1,
        1,
        1,
        1,
        null,
        null,
        1,
        1,
        1,
        1,
        null,
        null,
        null,
        1,
        1,
        1,
        1,
        1,
        1,
        null,
        null,
        1,
        1,
        1,
        1,
        1,
        null,
        null,
        1,
        1,
        1,
        null,
        null,
        null,
        1,
        null,
        null,
        1,
        1,
        1,
        1,
        null,
        null,
        null,
        1,
        1,
        1,
        1,
        1,
        1,
        null,
        null,
        1,
        1,
        1,
        1,
        1,
        null,
        null,
        1,
        1,
        1,
        null,
        1,
        null,
        null,
        1,
        1,
        1,
        1,
        1,
        null,
        null,
        1,
        1,
        1,
        1,
        null,
        null,
        1,
        1,
        null,
        1,
        null,
        1,
        null,
        null,
        null,
        1,
        1,
        1,
        null,
        null,
        null,
        null,
        null,
        null,
        null,
        1,
        null,
        null,
        null,
        null,
        null,
        null,
        null,
        1,
        1,
        null,
        null,
        null,
        1,
        1,
        1,
        null,
        1,
        1,
        null,
        null,
        1,
        1,
        null,
        1,
        1,
        null,
        null,
        null,
        1,
        1,
        1,
        1,
        1,
        null,
        null,
        null,
        1,
        null,
        null,
        1,
        null,
        null,
        1,
        1,
        null,
        null,
        null,
        null,
        1,
        null,
        null,
        null,
        1,
        null,
        null,
        1,
        1,
        null,
        null,
        null,
        null,
        null,
        1,
        null,
        null,
        null,
        1,
        null,
        null,
        1,
        1,
        null,
        null,
        null,
        null,
        1,
        null,
        null,
        null,
        1,
        null,
        null,
        1,
        1,
        null,
        null,
        null,
        null,
        1,
        null,
        null,
        null,
        1,
        null,
        null,
        1,
        1,
        null,
        null,
        null,
        null,
        null,
        1,
        null,
        null,
        null,
        null,
        1,
        null,
        null,
        1,
        1,
        null,
        null,
        null,
        null,
        null,
        null,
        1,
        1,
        null,
        null,
        1,
        1,
        null,
        null,
        null,
        null,
        null,
        1,
        1,
        null,
        null,
        1,
        1,
        null,
        null,
        null,
        null,
        null,
        1,
        null,
        null,
        null,
        1,
        null,
        null,
        null,
        1,
        1,
        1,
        1,
        1,
        1,
        null,
        null,
        1,
        1,
        1,
        1,
        1,
        null,
        null,
        1,
        1,
        1,
        1,
        null,
        null,
        1,
        1,
        null,
        1,
        null,
        1,
        1,
        null,
        null,
        1,
        1,
        null,
        1,
        1,
        1,
        null,
        null,
        1,
        1,
        null,
        null,
        1,
        null,
        1,
        1,
        null,
        null,
        null,
        1,
        1,
        1,
        1,
        null,
        null,
        1,
        1,
        1,
        null,
        null,
        null,
        1,
        1,
        1,
        1,
        1,
        null,
        null,
        null,
        null,
        null,
        null,
        null,
        null,
        null,
        1,
        1,
        1,
        1,
        1,
        null,
        null,
        1,
        1,
        1,
        1,
        null,
        null,
        1,
        1,
        1,
        1,
        null,
        null,
        1,
        1,
        1,
        1,
        null,
        null,
        1,
        1,
        1,
        1,
        null,
        null,
        1,
        1,
        1,
        1,
        null,
        null,
        1,
        1,
        1,
        1,
        null,
        null,
        1,
        1,
        1,
        1,
        null,
        null,
        1,
        1,
        1,
        1,
        null,
        null,
        1,
        1,
        1,
        null,
        1,
        null,
        null,
        1,
        1,
        1,
        null,
        1,
        null,
        null,
        1,
        1,
        null,
        1,
        null,
        1,
        null,
        null,
        1,
        1,
        1,
        null,
        null,
        1,
        null,
        null,
        1,
        1,
        null,
        null,
        null,
        null,
        1,
        null,
        null,
        null,
        null,
        null,
        null,
        null,
        null,
        null,
        1,
        null,
        null,
        1,
        1,
        1,
        1,
        1,
        1,
        1,
        null,
        null,
        null,
        null,
        null,
        1,
        1,
        null,
        null,
        null,
        null,
        null,
        null,
        null,
        null,
        null,
        null,
        null,
        null,
        null,
        null,
        null,
        null,
        null,
        null,
        null,
        null,
        null,
        1,
        1,
        1,
        1,
        1,
        1,
        1,
        1,
        1,
        1,
        1,
        null,
        null,
        1,
        1,
        1,
        1,
        1,
        1,
        1,
        1,
        1,
        1,
        1,
        1,
        null,
        null,
        1,
        1,
        1,
        1,
        1,
        1,
        1,
        1,
        1,
        1,
        null,
        1,
        null,
        null,
        null,
        1,
        1,
        null,
        null,
        1,
        1,
        1,
        1,
        1,
        1,
        1,
        1,
        1,
        1,
        1,
        null,
        1,
        1,
        null,
        1,
        null,
        null,
        null,
        null,
        null,
        1,
        1,
        null,
        null,
        null,
        1,
        1,
        1,
        1,
        1,
        1,
        1,
        1,
        1,
        1,
        1,
        1,
        null,
        null,
        1,
        1,
        1,
        1,
        1,
        1,
        1,
        1,
        1,
        1,
        1,
        null,
        null,
        1,
        1,
        1,
        1,
        1,
        1,
        1,
        1,
        1,
        1,
        1,
        null,
        null,
        1,
        1,
        1,
        1,
        1,
        1,
        1,
        null,
        null,
        null,
        1,
        null,
        1,
        1,
        1,
        1,
        1,
        null,
        null,
        null,
        1,
        1,
        1,
        1,
        1,
        1,
        1,
        1,
        1,
        1,
        null,
        null,
        1,
        1,
        1,
        1,
        1,
        1,
        1,
        1,
        1,
        1,
        null,
        null,
        1,
        1,
        1,
        1,
        1,
        1,
        1,
        1,
        1,
        1,
        null,
        null,
        1,
        1,
        1,
        1,
        1,
        1,
        1,
        1,
        1,
        1,
        1,
        null,
        null,
        null,
        1,
        1,
        1,
        1,
        1,
        null,
        null,
        1,
        1,
        1,
        1,
        null,
        null,
        1,
        1,
        1,
        1,
        null,
        null,
        1,
        1,
        1,
        1,
        null,
        null,
        null,
        1,
        1,
        null,
        1,
        1,
        null,
        null,
        1,
        1,
        null,
        1,
        1,
        null,
        null,
        1,
        1,
        null,
        1,
        null,
        1,
        1,
        null,
        null,
        1,
        1,
        null,
        1,
        null,
        1,
        1,
        null,
        null,
        1,
        1,
        1,
        1,
        1,
        null,
        null,
        null,
        1,
        1,
        1,
        1,
        null,
        null,
        1,
        1,
        1,
        null,
        null,
        1,
        1,
        1,
        null,
        null,
        1,
        1,
        1,
        null,
        null,
        1,
        1,
        1,
        null,
        null,
        1,
        1,
        1,
        null,
        null,
        1,
        1,
        1,
        null,
        null,
        1,
        1,
        1,
        null,
        null,
        1,
        1,
        1,
        null,
        null,
        1,
        1,
        1,
        null,
        null,
        1,
        1,
        1,
        null,
        null,
        1,
        1,
        1,
        null,
        null,
        1,
        1,
        1,
        null,
        null,
        1,
        1,
        1,
        1,
        1,
        1,
        1,
        1,
        null,
        1,
        null,
        null,
        1,
        1,
        null,
        null,
        1,
        1,
        null,
        null,
        1,
        1,
        1,
        1,
        1,
        1,
        1,
        1,
        1,
        1,
        1,
        null,
        null,
        1,
        1,
        1,
        null,
        null,
        1,
        1,
        1,
        null,
        null,
        1,
        1,
        null,
        1,
        null,
        null,
        1,
        1,
        null,
        1,
        null,
        null,
        1,
        1,
        null,
        null,
        1,
        1,
        null,
        null,
        1,
        1,
        null,
        1,
        1,
        1,
        1,
        1,
        null,
        1,
        1,
        1,
        null,
        null,
        null,
        null,
        null,
        null,
        1,
        1,
        1,
        1,
        1,
        1,
        1,
        null,
        null,
        1,
        1,
        1,
        1,
        1,
        1,
        1,
        1,
        null,
        null,
        1,
        1,
        1,
        1,
        1,
        1,
        1,
        null,
        null,
        1,
        1,
        1,
        1,
        1,
        1,
        null,
        null,
        1,
        1,
        1,
        1,
        1,
        1,
        null,
        null,
        1,
        1,
        1,
        1,
        1,
        1,
        1,
        null,
        null,
        1,
        1,
        1,
        1,
        1,
        1,
        1,
        null,
        null,
        1,
        1,
        1,
        1,
        1,
        1,
        1,
        null,
        null,
        1,
        1,
        1,
        1,
        1,
        1,
        1,
        1,
        null,
        null,
        1,
        1,
        1,
        1,
        1,
        1,
        1,
        1,
        null,
        null,
        1,
        1,
        1,
        1,
        1,
        1,
        1,
        1,
        null,
        null,
        1,
        1,
        1,
        1,
        null,
        null,
        null,
        null,
        null,
        null,
        null,
        null,
        null,
        null,
        null,
        null,
        null,
        null,
        null,
        null,
        null,
        null,
        null,
        null,
        null,
        null,
        null,
        null,
        null
      ],
      "/Users/joezhou/Documents/GoogleDrive/Projects/project_maths/models/expression.rb": [
        1,
        1,
        1,
        1,
        1,
        null,
        1,
        null,
        1,
        null,
        1,
        null,
        1,
        2480,
        null,
        null,
        1,
        361,
        360,
        null,
        null,
        1,
        2465,
        null,
        null,
        1,
        185,
        null,
        null,
        1,
        13,
        null,
        null,
        1,
        23,
        null,
        null,
        1,
        14,
        null,
        null,
        1,
        0,
        0,
        null,
        null,
        1,
        8,
        null,
        null,
        1,
        2,
        null,
        null,
        1,
        12,
        28,
        28,
        null,
        12,
        null,
        null,
        1,
        12,
        12,
        28,
        28,
        12,
        null,
        null,
        16,
        null,
        null,
        12,
        null,
        null,
        1,
        24,
        23,
        17,
        19,
        null,
        14,
        null,
        null,
        1,
        0,
        null,
        null,
        1,
        14,
        null,
        null,
        1,
        170,
        null,
        null,
        1,
        589,
        177,
        null,
        null,
        1,
        177,
        215,
        null,
        170,
        null,
        null,
        1,
        30,
        56,
        null,
        null,
        24,
        null,
        null,
        1,
        25,
        52,
        null,
        null,
        21,
        null,
        null,
        1,
        30,
        92,
        null,
        28,
        null,
        null,
        1,
        6,
        12,
        null,
        null,
        6,
        null,
        null,
        1,
        0,
        0,
        null,
        null,
        0,
        null,
        null,
        1,
        0,
        0,
        null,
        null,
        null,
        1,
        0,
        0,
        null,
        null,
        1,
        0,
        0,
        0,
        0,
        null,
        0,
        null,
        null,
        null,
        1,
        0,
        null,
        null,
        1,
        0,
        null,
        0,
        null,
        0,
        null,
        null,
        1,
        0,
        null,
        null,
        1,
        0,
        0,
        null,
        0,
        null,
        null,
        1,
        35,
        34,
        34,
        34,
        null,
        null,
        1,
        116,
        70,
        34,
        34,
        null,
        null,
        1,
        40,
        38,
        38,
        61,
        38,
        null,
        23,
        0,
        0,
        null,
        23,
        8,
        8,
        null,
        null,
        38,
        null,
        null,
        1,
        34,
        34,
        46,
        null,
        34,
        null,
        null,
        1,
        10,
        10,
        34,
        null,
        null,
        10,
        null,
        null,
        1,
        13,
        11,
        35,
        7,
        null,
        null,
        11,
        null,
        null,
        1,
        10,
        19,
        13,
        2,
        2,
        null,
        11,
        2,
        2,
        null,
        null,
        null,
        10,
        null,
        null,
        1,
        9,
        null,
        9,
        null,
        9,
        null,
        9,
        null,
        9,
        18,
        null,
        18,
        15,
        32,
        21,
        null,
        1,
        null,
        0,
        0,
        0,
        0,
        null,
        0,
        null,
        null,
        0,
        null,
        10,
        null,
        null,
        null,
        3,
        null,
        null,
        18,
        null,
        18,
        18,
        32,
        21,
        17,
        null,
        4,
        null,
        null,
        11,
        10,
        null,
        1,
        null,
        null,
        null,
        null,
        18,
        null,
        18,
        12,
        12,
        8,
        null,
        4,
        null,
        12,
        null,
        null,
        18,
        3,
        3,
        3,
        null,
        0,
        null,
        3,
        null,
        null,
        null,
        null,
        9,
        1,
        null,
        null,
        8,
        0,
        0,
        0,
        null,
        0,
        null,
        null,
        8,
        null,
        null,
        8,
        null,
        null,
        1,
        7,
        6,
        1,
        1,
        1,
        null,
        0,
        null,
        null,
        5,
        5,
        5,
        2,
        2,
        2,
        null,
        3,
        null,
        null,
        null,
        1,
        5,
        1,
        null,
        null,
        null,
        null,
        1,
        1,
        1,
        1,
        1,
        0,
        0,
        null,
        null,
        null,
        1,
        1,
        null,
        null,
        1,
        1,
        null,
        null,
        1,
        null,
        1,
        null,
        null,
        null,
        null,
        null,
        1,
        198,
        198,
        379,
        379,
        379,
        null,
        198,
        198,
        198,
        null,
        null,
        1,
        224,
        97,
        97,
        211,
        null,
        127,
        null,
        null,
        null,
        1,
        423,
        null,
        null,
        1,
        30,
        24,
        24,
        55,
        null,
        6,
        null,
        null,
        null,
        1,
        24,
        55,
        null,
        null,
        1,
        125,
        125,
        125,
        125,
        140,
        null,
        125,
        null,
        null,
        1,
        140,
        310,
        null,
        null,
        null,
        null,
        1,
        26,
        26,
        44,
        44,
        null,
        44,
        null,
        null,
        null,
        null,
        5,
        null,
        null,
        null,
        null,
        26,
        26,
        26,
        26,
        null,
        null,
        1,
        33,
        9,
        9,
        19,
        null,
        24,
        null,
        null,
        null,
        1,
        24,
        24,
        24,
        null,
        null,
        1,
        6,
        1,
        1,
        1,
        1,
        2,
        null,
        null,
        5,
        5,
        null,
        null,
        null,
        null,
        1,
        4,
        4,
        4,
        7,
        null,
        null,
        null,
        1,
        5,
        null,
        4,
        null,
        null,
        4,
        null,
        null,
        4,
        null,
        null,
        null,
        4,
        4,
        null,
        null,
        null,
        null,
        1,
        null,
        1,
        1,
        1,
        1,
        null,
        1,
        null,
        null,
        null,
        null,
        null,
        null,
        null,
        null,
        1,
        26,
        26,
        26,
        34,
        34,
        34,
        34,
        0,
        null,
        34,
        null,
        34,
        34,
        36,
        36,
        36,
        25,
        null,
        36,
        null,
        null,
        null,
        26,
        null,
        null,
        null,
        null,
        null,
        1,
        9,
        9,
        10,
        10,
        17,
        null,
        null,
        9,
        9,
        9,
        null,
        null,
        1,
        8,
        5,
        5,
        5,
        5,
        null,
        3,
        3,
        4,
        null,
        3,
        3,
        null,
        null,
        1,
        4,
        4,
        4,
        null,
        null,
        4,
        4,
        4,
        4,
        null,
        null,
        1,
        8,
        8,
        8,
        11,
        11,
        11,
        null,
        8,
        8,
        null,
        null,
        null,
        null,
        1,
        129,
        129,
        285,
        null,
        129,
        null,
        null,
        1,
        136,
        37,
        37,
        37,
        null,
        136,
        null,
        null,
        1,
        63,
        62,
        62,
        62,
        62,
        98,
        98,
        98,
        98,
        98,
        98,
        null,
        62,
        null,
        null,
        1,
        74,
        44,
        null,
        null,
        1,
        18,
        null,
        null,
        1,
        85,
        85,
        85,
        85,
        null,
        null,
        1,
        13,
        13,
        null,
        null,
        1,
        85,
        null,
        null,
        1,
        85,
        null,
        null,
        1,
        85,
        null,
        null,
        null,
        null,
        null,
        null,
        null,
        null
      ],
      "/Users/joezhou/Documents/GoogleDrive/Projects/project_maths/models/step.rb": [
        1,
        1,
        1,
        null,
        null,
        1,
        null,
        1,
        null,
        1,
        null,
        1,
        4324,
        4324,
        4324,
        null,
        null,
        1,
        1024,
        1024,
        null,
        null,
        1,
        2091,
        2091,
        2091,
        2091,
        null,
        null,
        1,
        622,
        null,
        null,
        1,
        30,
        null,
        null,
        1,
        0,
        null,
        null,
        1,
        0,
        null,
        null,
        1,
        4,
        null,
        null,
        1,
        0,
        null,
        null,
        1,
        0,
        null,
        null,
        1,
        0,
        null,
        null,
        1,
        11,
        null,
        null,
        1,
        0,
        null,
        null,
        1,
        0,
        null,
        null,
        1,
        10,
        null,
        null,
        1,
        0,
        null,
        null,
        1,
        0,
        0,
        null,
        null,
        1,
        0,
        0,
        0,
        0,
        0,
        0,
        null,
        null,
        1,
        170,
        170,
        170,
        170,
        170,
        170,
        170,
        null,
        null,
        1,
        187,
        31,
        null,
        null,
        1,
        170,
        null,
        null,
        1,
        81,
        81,
        null,
        null,
        1,
        170,
        null,
        null,
        1,
        17,
        17,
        null,
        null,
        1,
        170,
        null,
        null,
        1,
        52,
        52,
        null,
        null,
        1,
        170,
        null,
        null,
        1,
        37,
        37,
        null,
        null,
        1,
        125,
        125,
        35,
        null,
        90,
        90,
        null,
        125,
        null,
        null,
        1,
        451,
        null,
        null,
        1,
        17,
        17,
        17,
        17,
        17,
        null,
        null,
        null
      ],
      "/Users/joezhou/Documents/GoogleDrive/Projects/project_maths/models/fraction.rb": [
        1,
        null,
        1,
        null,
        1,
        null,
        1,
        0,
        0,
        0,
        null,
        null,
        1,
        0,
        0,
        0,
        null,
        null,
        1,
        0,
        0,
        null,
        null,
        1,
        0,
        0,
        0,
        null,
        null,
        1,
        0,
        null,
        null,
        1,
        0,
        0,
        0,
        null,
        null,
        1,
        0,
        0,
        null,
        null,
        1,
        0,
        0,
        0,
        null,
        null,
        1,
        0,
        0,
        0,
        0,
        0,
        null,
        null,
        1,
        0,
        0,
        null,
        null,
        1,
        0,
        0,
        0,
        0,
        0,
        null,
        null,
        1,
        0,
        0,
        0,
        0,
        null,
        null,
        1,
        0,
        0,
        0,
        0,
        0,
        0,
        0,
        null,
        0,
        null,
        null,
        null,
        1,
        0,
        0,
        0,
        0,
        0,
        0,
        null,
        null,
        null,
        1,
        0,
        0,
        0,
        null,
        null,
        1,
        null,
        1,
        0,
        0,
        0,
        null,
        null,
        1,
        0,
        0,
        0,
        null,
        null,
        1,
        0,
        0,
        0,
        null,
        null,
        1,
        0,
        0,
        0,
        0,
        0,
        null,
        null,
        1,
        0,
        0,
        0,
        0,
        null,
        0,
        0,
        0,
        null,
        null,
        1,
        0,
        0,
        0,
        0,
        0,
        null,
        null,
        1,
        0,
        0,
        0,
        0,
        0,
        null,
        null,
        null,
        null,
        null,
        null,
        null,
        null,
        null,
        null,
        null,
        null,
        null,
        null,
        null,
        null,
        null,
        null,
        null,
        null,
        null,
        null,
        null,
        null,
        null,
        null,
        null,
        null,
        null,
        null,
        null,
        null,
        null,
        null,
        null,
        null,
        null,
        null,
        null,
        null,
        null,
        null,
        null,
        null,
        null,
        null,
        null,
        null,
        null,
        null,
        null,
        null,
        null,
        null,
        null,
        null,
        null,
        null,
        null,
        null,
        null,
        null,
        null,
        null,
        null,
        null,
        null,
        null
      ],
      "/Users/joezhou/Documents/GoogleDrive/Projects/project_maths/models/factory.rb": [
        1,
        1,
        null,
        1,
        null,
        1,
        1,
        1305,
        1305,
        2335,
        1657,
        null,
        678,
        678,
        null,
        null,
        1305,
        null,
        null,
        null,
        1,
        1,
        null,
        1588,
        1588,
        1588,
        null,
        null,
        null,
        1,
        1,
        629,
        216,
        216,
        null,
        null,
        null,
        1,
        1,
        93,
        93,
        142,
        142,
        null,
        93,
        null,
        null,
        null,
        1,
        1,
        74,
        74,
        74,
        null,
        null,
        null,
        null,
        1,
        1,
        32,
        50,
        null,
        null,
        null
      ],
      "/Users/joezhou/Documents/GoogleDrive/Projects/project_maths/models/class_name.rb": [
        1,
        1,
        3488,
        null,
        null,
        1,
        3923,
        null,
        null,
        1,
        1588,
        null,
        null,
        1,
        1189,
        null,
        null,
        1,
        216,
        null,
        null,
        1,
        93,
        null,
        null,
        1,
        74,
        null,
        null,
        1,
        32,
        null,
        null
      ],
      "/Users/joezhou/Documents/GoogleDrive/Projects/project_maths/models/evaluate.rb": [
        1,
        null,
        null,
        null,
        null,
        null,
        null,
        null,
        null,
        null,
        1,
        0,
        0,
        0,
        null,
        0,
        null,
        null,
        1,
        null,
        1,
        0,
        0,
        0,
        0,
        0,
        0,
        0,
        null,
        null,
        null
      ],
      "/Users/joezhou/Documents/GoogleDrive/Projects/project_maths/models/array_extension.rb": [
        1,
        null,
        1,
        49,
        49,
        49,
        114,
        50,
        50,
        null,
        64,
        31,
        null,
        null,
        null,
        null,
        null,
        null,
        null,
        null,
        null,
        null,
        null,
        null,
        null,
        null,
        null,
        null,
        null,
        null,
        null,
        null,
        null,
        null
      ]
    },
    "timestamp": 1463581092
  }
}
